 
cpldfit:  version P.20131013                        Xilinx Inc.
                                  Fitter Report
Design Name: top                                 Date: 11- 9-2024,  7:45AM
Device Used: XC2C256-7-TQ144
Fitting Status: Successful

*************************  Mapped Resource Summary  **************************

Macrocells     Product Terms    Function Block   Registers      Pins           
Used/Tot       Used/Tot         Inps Used/Tot    Used/Tot       Used/Tot       
52 /256 ( 20%) 157 /896  ( 18%) 120 /640  ( 19%) 35 /256 ( 14%) 19 /118 ( 16%)

** Function Block Resources **

Function Mcells   FB Inps  Pterms   IO       CTC      CTR      CTS      CTE     
Block    Used/Tot Used/Tot Used/Tot Used/Tot Used/Tot Used/Tot Used/Tot Used/Tot
FB1      16/16*    15/40    15/56     0/ 6    0/1      0/1      0/1      0/1
FB2      16/16*    37/40    56/56*    0/ 8    0/1      0/1      0/1      0/1
FB3       4/16     23/40     6/56     0/ 6    0/1      0/1      0/1      0/1
FB4       0/16      0/40     0/56     0/ 8    0/1      0/1      0/1      0/1
FB5       0/16      0/40     0/56     0/ 5    0/1      0/1      0/1      0/1
FB6       0/16      0/40     0/56     0/ 7    0/1      0/1      0/1      0/1
FB7       0/16      0/40     0/56     0/ 8    0/1      0/1      0/1      0/1
FB8       0/16      0/40     0/56     0/ 8    0/1      0/1      0/1      0/1
FB9       0/16      0/40     0/56     0/ 8    0/1      0/1      0/1      0/1
FB10      0/16      0/40     0/56     0/ 9    0/1      0/1      0/1      0/1
FB11      4/16      2/40     4/56     4/ 8    0/1      0/1      0/1      0/1
FB12      0/16      0/40     0/56     0/ 6    0/1      0/1      0/1      0/1
FB13      0/16      0/40     0/56     0/ 8    0/1      0/1      0/1      0/1
FB14      5/16     21/40    23/56     5/ 8    0/1      0/1      0/1      0/1
FB15      0/16      0/40     0/56     0/ 7    0/1      0/1      0/1      0/1
FB16      7/16     22/40    53/56     7/ 7*   0/1      0/1      0/1      0/1
         -----    -------  -------   -----    ---      ---      ---      ---
Total    52/256   120/640  157/896   16/117   0/16     0/16     0/16     0/16

CTC - Control Term Clock
CTR - Control Term Reset
CTS - Control Term Set
CTE - Control Term Output Enable

* - Resource is exhausted

** Global Control Resources **

GCK         GSR         GTS         DGE         
Used/Tot    Used/Tot    Used/Tot    Used/Tot    
1/3         0/1         0/4         0/1

Signal 'PCLK' mapped onto global clock net GCK2 and divided by 16 without
phase delay.  CDRST control pin has been reserved.

** Pin Resources **

Signal Type    Required     Mapped  |  Pin Type            Used    Total 
------------------------------------|------------------------------------
Input         :    2           2    |  I/O              :    17    108
Output        :   16          16    |  GCK/IO           :     1      3
Bidirectional :    0           0    |  GTS/IO           :     0      4
GCK           :    1           1    |  GSR/IO           :     1      1
GTS           :    0           0    |  CDR/IO           :     0      1
GSR           :    0           0    |  DGE/IO           :     0      1
                 ----        ----
        Total     19          19

End of Mapped Resource Summary
**************************  Errors and Warnings  ***************************

WARNING:Cpld - Unable to retrieve the path to the iSE Project Repository. Will
   use the default filename of 'top.ise'.
WARNING:Cpld - Unable to map all desired signals into function block, FB16.
   Buffering output signal CAT<2> to allow all signals assigned to this function
   block to be placed.
*************************  Summary of Mapped Logic  ************************

** 16 Outputs **

Signal              Total Total Bank Loc     Pin   Pin       Pin     I/O      I/O       Slew Reg     Reg Init
Name                Pts   Inps               No.   Type      Use     STD      Style     Rate Use     State
ANO<0>              1     2     2    FB11_13 126   I/O       O       LVCMOS18           FAST         
ANO<1>              1     2     2    FB11_14 128   I/O       O       LVCMOS18           FAST         
ANO<2>              1     2     2    FB11_15 129   I/O       O       LVCMOS18           FAST         
ANO<3>              1     2     2    FB11_16 130   I/O       O       LVCMOS18           FAST         
LD<0>               2     4     1    FB14_4  69    I/O       O       LVCMOS18           FAST TFF/S   SET
LD<1>               4     7     1    FB14_6  68    I/O       O       LVCMOS18           FAST TFF/S   SET
LD<2>               2     6     1    FB14_13 66    I/O       O       LVCMOS18           FAST TFF/S   SET
LD<3>               3     7     1    FB14_14 64    I/O       O       LVCMOS18           FAST TFF/S   SET
CAT<6>              12    18    1    FB14_16 61    I/O       O       LVCMOS18           FAST         
CAT<2>              1     1     1    FB16_5  60    I/O       O       LVCMOS18           FAST         
CAT<7>              0     0     1    FB16_6  59    I/O       O       LVCMOS18           FAST         
CAT<3>              13    20    1    FB16_11 58    I/O       O       LVCMOS18           FAST         
CAT<4>              11    19    1    FB16_12 57    I/O       O       LVCMOS18           FAST         
CAT<0>              12    21    1    FB16_13 56    I/O       O       LVCMOS18           FAST         
CAT<5>              13    20    1    FB16_15 54    I/O       O       LVCMOS18           FAST         
CAT<1>              14    20    1    FB16_16 53    I/O       O       LVCMOS18           FAST         

** 36 Buried Nodes **

Signal              Total Total Loc     Reg     Reg Init
Name                Pts   Inps          Use     State
counter<9>          1     9     FB1_1   TFF     RESET
counter<8>          1     8     FB1_2   TFF     RESET
counter<15>         1     15    FB1_3   TFF     RESET
counter<14>         1     14    FB1_4   TFF     RESET
counter<7>          1     7     FB1_5   TFF     RESET
counter<13>         1     13    FB1_6   TFF     RESET
counter<6>          1     6     FB1_7   TFF     RESET
counter<5>          1     5     FB1_8   TFF     RESET
counter<4>          1     4     FB1_9   TFF     RESET
counter<3>          1     3     FB1_10  TFF     RESET
counter<2>          1     2     FB1_11  TFF     RESET
counter<12>         1     12    FB1_12  TFF     RESET
counter<11>         1     11    FB1_13  TFF     RESET
counter<10>         1     10    FB1_14  TFF     RESET
counter<1>          1     1     FB1_15  TFF     RESET
counter<0>          0     0     FB1_16  TFF     RESET
counter<16>         1     16    FB2_1   TFF     RESET
N_PZ_312            3     14    FB2_2           
digits<10>          2     5     FB2_3   TFF     RESET
digits<4>           2     7     FB2_4   TFF     RESET
digits<6>           2     9     FB2_5   TFF     RESET
CAT<2>_BUFR         12    18    FB2_6           
digits<9>           5     16    FB2_7   TFF     RESET
digits<11>          3     16    FB2_8   TFF     RESET
digits<12>          3     17    FB2_9   TFF     RESET
digits<14>          3     19    FB2_10  TFF     RESET
digits<15>          4     20    FB2_11  TFF     RESET
N_PZ_326            2     10    FB2_12          
digits<5>           5     11    FB2_13  TFF     RESET
N_PZ_339            2     12    FB2_14          
digits<7>           3     12    FB2_15  TFF     RESET
digits<13>          5     20    FB2_16  TFF     RESET
N_PZ_284            2     2     FB3_11          
digits<8>           2     3     FB3_12  DFF     RESET
counter<17>         1     17    FB3_13  TFF     RESET
tick                1     18    FB3_15  DFF     RESET

** 3 Inputs **

Signal              Bank Loc     Pin   Pin       Pin     I/O      I/O
Name                             No.   Type      Use     STD      Style
BTN<0>              2    FB1_3   143   GSR/I/O   I       LVCMOS18 KPR
PCLK                1    FB6_4   38    GCK/I/O   GCK     LVCMOS18 KPR
BTN<1>              2    FB12_15 94    I/O       I       LVCMOS18 KPR

Legend:
Pin No.   - ~     - User Assigned
I/O Style - OD    - OpenDrain
          - PU    - Pullup
          - KPR   - Keeper
          - S     - SchmittTrigger
          - DG    - DataGate
Reg Use   - LATCH - Transparent latch
          - DFF   - D-flip-flop
          - DEFF  - D-flip-flop with clock enable
          - TFF   - T-flip-flop
          - TDFF  - Dual-edge-triggered T-flip-flop
          - DDFF  - Dual-edge-triggered flip-flop
          - DDEFF - Dual-edge-triggered flip-flop with clock enable
          /S (after any above flop/latch type) indicates initial state is Set
**************************  Function Block Details  ************************
Legend:
Total Pt     - Total product terms used by the macrocell signal
Loc          - Location where logic was mapped in device
Pin Type/Use - I  - Input             GCK - Global clock
               O  - Output            GTS - Global Output Enable
              (b) - Buried macrocell  GSR - Global Set/Reset
              VRF - Vref
Pin No.      - ~  - User Assigned
*********************************** FB1  ***********************************
This function block is part of I/O Bank number:               2
Number of function block inputs used/remaining:               15/25
Number of function block control terms used/remaining:        0/4
Number of PLA product terms used/remaining:                   15/41
Signal                        Total Loc     Pin  Pin     Pin   CTC CTR CTS CTE
Name                          Pt            No.  Type    Use   
counter<9>                    1     FB1_1        (b)     (b)               
counter<8>                    1     FB1_2        (b)     (b)               
counter<15>                   1     FB1_3   143  GSR/I/O I                 
counter<14>                   1     FB1_4   142  I/O     (b)               
counter<7>                    1     FB1_5        (b)     (b)               
counter<13>                   1     FB1_6   140  I/O     (b)               
counter<6>                    1     FB1_7        (b)     (b)               
counter<5>                    1     FB1_8        (b)     (b)               
counter<4>                    1     FB1_9        (b)     (b)               
counter<3>                    1     FB1_10       (b)     (b)               
counter<2>                    1     FB1_11       (b)     (b)               
counter<12>                   1     FB1_12  139  I/O     (b)               
counter<11>                   1     FB1_13  138  I/O     (b)               
counter<10>                   1     FB1_14  137  I/O     (b)               
counter<1>                    1     FB1_15       (b)     (b)               
counter<0>                    0     FB1_16       (b)     (b)               

Signals Used by Logic in Function Block
  1: counter<0>         6: counter<14>       11: counter<5> 
  2: counter<10>        7: counter<1>        12: counter<6> 
  3: counter<11>        8: counter<2>        13: counter<7> 
  4: counter<12>        9: counter<3>        14: counter<8> 
  5: counter<13>       10: counter<4>        15: counter<9> 

Signal                     1         2         3         4 FB      
Name             0----+----0----+----0----+----0----+----0 Inputs  
counter<9>        X.....XXXXXXXX.......................... 9       
counter<8>        X.....XXXXXXX........................... 8       
counter<15>       XXXXXXXXXXXXXXX......................... 15      
counter<14>       XXXXX.XXXXXXXXX......................... 14      
counter<7>        X.....XXXXXX............................ 7       
counter<13>       XXXX..XXXXXXXXX......................... 13      
counter<6>        X.....XXXXX............................. 6       
counter<5>        X.....XXXX.............................. 5       
counter<4>        X.....XXX............................... 4       
counter<3>        X.....XX................................ 3       
counter<2>        X.....X................................. 2       
counter<12>       XXX...XXXXXXXXX......................... 12      
counter<11>       XX....XXXXXXXXX......................... 11      
counter<10>       X.....XXXXXXXXX......................... 10      
counter<1>        X....................................... 1       
counter<0>        ........................................ 0       
                 0----+----1----+----2----+----3----+----4
                           0         0         0         0
*********************************** FB2  ***********************************
This function block is part of I/O Bank number:               2
Number of function block inputs used/remaining:               37/3
Number of function block control terms used/remaining:        0/4
Number of PLA product terms used/remaining:                   56/0
Signal                        Total Loc     Pin  Pin     Pin   CTC CTR CTS CTE
Name                          Pt            No.  Type    Use   
counter<16>                   1     FB2_1   2    GTS/I/O (b)               
N_PZ_312                      3     FB2_2        (b)     (b)               
digits<10>                    2     FB2_3   3    GTS/I/O (b)               
digits<4>                     2     FB2_4   4    I/O     (b)               
digits<6>                     2     FB2_5   5    GTS/I/O (b)               
CAT<2>_BUFR                   12    FB2_6        (b)     (b)               
digits<9>                     5     FB2_7        (b)     (b)               
digits<11>                    3     FB2_8        (b)     (b)               
digits<12>                    3     FB2_9        (b)     (b)               
digits<14>                    3     FB2_10       (b)     (b)               
digits<15>                    4     FB2_11       (b)     (b)               
N_PZ_326                      2     FB2_12  6    GTS/I/O (b)               
digits<5>                     5     FB2_13  7    I/O     (b)               
N_PZ_339                      2     FB2_14  9    I/O     (b)               
digits<7>                     3     FB2_15  10   I/O     (b)               
digits<13>                    5     FB2_16       (b)     (b)               

Signals Used by Logic in Function Block
  1: BTN<0>            14: counter<14>       26: digits<11> 
  2: BTN<1>            15: counter<15>       27: digits<12> 
  3: LD<0>             16: counter<1>        28: digits<13> 
  4: LD<1>             17: counter<2>        29: digits<14> 
  5: LD<2>             18: counter<3>        30: digits<15> 
  6: LD<3>             19: counter<4>        31: digits<4> 
  7: N_PZ_284          20: counter<5>        32: digits<5> 
  8: N_PZ_339          21: counter<6>        33: digits<6> 
  9: counter<0>        22: counter<7>        34: digits<7> 
 10: counter<10>       23: counter<8>        35: digits<8> 
 11: counter<11>       24: counter<9>        36: digits<9> 
 12: counter<12>       25: digits<10>        37: tick 
 13: counter<13>      

Signal                     1         2         3         4 FB      
Name             0----+----0----+----0----+----0----+----0 Inputs  
counter<16>       ........XXXXXXXXXXXXXXXX................ 16      
N_PZ_312          ..........XX............XXXXXXXXXXXX.... 14      
digits<10>        X......X................X.........XX.... 5       
digits<4>         XXX..XX.......................X.....X... 7       
digits<6>         XXX..XX.......................XXX...X... 9       
CAT<2>_BUFR       ..XXXX....XX............XXXXXXXXXXXX.... 18      
digits<9>         XXXXXXX.................XX....XXXXXXX... 16      
digits<11>        XXXXXX.X................XX....XXXXXXX... 16      
digits<12>        XXXXXX.X................XXX...XXXXXXX... 17      
digits<14>        XXXXXX.X................XXXXX.XXXXXXX... 19      
digits<15>        XXXXXX.X................XXXXXXXXXXXXX... 20      
N_PZ_326          ..XXXX....XX..............XXXX.......... 10      
digits<5>         XXXXXX........................XXXX..X... 11      
N_PZ_339          XXXXXXX.......................XXXX..X... 12      
digits<7>         XXXXXXX.......................XXXX..X... 12      
digits<13>        XXXXXX.X................XXXXXXXXXXXXX... 20      
                 0----+----1----+----2----+----3----+----4
                           0         0         0         0
*********************************** FB3  ***********************************
This function block is part of I/O Bank number:               2
Number of function block inputs used/remaining:               23/17
Number of function block control terms used/remaining:        0/4
Number of PLA product terms used/remaining:                   6/50
Signal                        Total Loc     Pin  Pin     Pin   CTC CTR CTS CTE
Name                          Pt            No.  Type    Use   
(unused)                      0     FB3_1   136  I/O           
(unused)                      0     FB3_2   135  I/O           
(unused)                      0     FB3_3   134  I/O           
(unused)                      0     FB3_4        (b)           
(unused)                      0     FB3_5   133  I/O           
(unused)                      0     FB3_6        (b)           
(unused)                      0     FB3_7        (b)           
(unused)                      0     FB3_8        (b)           
(unused)                      0     FB3_9        (b)           
(unused)                      0     FB3_10       (b)           
N_PZ_284                      2     FB3_11       (b)     (b)               
digits<8>                     2     FB3_12       (b)     (b)               
counter<17>                   1     FB3_13       (b)     (b)               
(unused)                      0     FB3_14  132  I/O           
tick                          1     FB3_15       (b)     (b)               
(unused)                      0     FB3_16  131  I/O           

Signals Used by Logic in Function Block
  1: BTN<0>             9: counter<13>       17: counter<4> 
  2: LD<1>             10: counter<14>       18: counter<5> 
  3: LD<2>             11: counter<15>       19: counter<6> 
  4: N_PZ_339          12: counter<16>       20: counter<7> 
  5: counter<0>        13: counter<17>       21: counter<8> 
  6: counter<10>       14: counter<1>        22: counter<9> 
  7: counter<11>       15: counter<2>        23: digits<8> 
  8: counter<12>       16: counter<3>       

Signal                     1         2         3         4 FB      
Name             0----+----0----+----0----+----0----+----0 Inputs  
N_PZ_284          .XX..................................... 2       
digits<8>         X..X..................X................. 3       
counter<17>       ....XXXXXXXX.XXXXXXXXX.................. 17      
tick              ....XXXXXXXXXXXXXXXXXX.................. 18      
                 0----+----1----+----2----+----3----+----4
                           0         0         0         0
*********************************** FB4  ***********************************
This function block is part of I/O Bank number:               2
Number of function block inputs used/remaining:               0/40
Number of function block control terms used/remaining:        0/4
Number of PLA product terms used/remaining:                   0/56
Signal                        Total Loc     Pin  Pin     Pin   CTC CTR CTS CTE
Name                          Pt            No.  Type    Use   
(unused)                      0     FB4_1   11   I/O           
(unused)                      0     FB4_2   12   I/O           
(unused)                      0     FB4_3   13   I/O           
(unused)                      0     FB4_4   14   I/O           
(unused)                      0     FB4_5   15   I/O           
(unused)                      0     FB4_6   16   I/O           
(unused)                      0     FB4_7        (b)           
(unused)                      0     FB4_8        (b)           
(unused)                      0     FB4_9        (b)           
(unused)                      0     FB4_10       (b)           
(unused)                      0     FB4_11       (b)           
(unused)                      0     FB4_12  17   I/O           
(unused)                      0     FB4_13       (b)           
(unused)                      0     FB4_14  18   I/O           
(unused)                      0     FB4_15       (b)           
(unused)                      0     FB4_16       (b)           
*********************************** FB5  ***********************************
This function block is part of I/O Bank number:               1
Number of function block inputs used/remaining:               0/40
Number of function block control terms used/remaining:        0/4
Number of PLA product terms used/remaining:                   0/56
Signal                        Total Loc     Pin  Pin     Pin   CTC CTR CTS CTE
Name                          Pt            No.  Type    Use   
(unused)                      0     FB5_1        (b)           
(unused)                      0     FB5_2   33   I/O           
(unused)                      0     FB5_3        (b)           
(unused)                      0     FB5_4   32   GCK/I/O       
(unused)                      0     FB5_5   31   I/O           
(unused)                      0     FB5_6   30   GCK/I/O       
(unused)                      0     FB5_7        (b)           
(unused)                      0     FB5_8        (b)           
(unused)                      0     FB5_9        (b)           
(unused)                      0     FB5_10       (b)           
(unused)                      0     FB5_11       (b)           
(unused)                      0     FB5_12       (b)           
(unused)                      0     FB5_13       (b)           
(unused)                      0     FB5_14  28   I/O           
(unused)                      0     FB5_15       (b)           
(unused)                      0     FB5_16       (b)           
*********************************** FB6  ***********************************
This function block is part of I/O Bank number:               1
Number of function block inputs used/remaining:               0/40
Number of function block control terms used/remaining:        0/4
Number of PLA product terms used/remaining:                   0/56
Signal                        Total Loc     Pin  Pin     Pin   CTC CTR CTS CTE
Name                          Pt            No.  Type    Use   
(unused)                      0     FB6_1   34   I/O           
(unused)                      0     FB6_2        (b)           
(unused)                      0     FB6_3        (b)           
(unused)                      0     FB6_4   38   GCK/I/O GCK   
(unused)                      0     FB6_5        (b)           
(unused)                      0     FB6_6        (b)           
(unused)                      0     FB6_7        (b)           
(unused)                      0     FB6_8        (b)           
(unused)                      0     FB6_9        (b)           
(unused)                      0     FB6_10       (b)           
(unused)                      0     FB6_11       (b)           
(unused)                      0     FB6_12  39   DGE/I/O       
(unused)                      0     FB6_13  40   I/O           
(unused)                      0     FB6_14  41   I/O           
(unused)                      0     FB6_15  42   I/O           
(unused)                      0     FB6_16  43   I/O           
*********************************** FB7  ***********************************
This function block is part of I/O Bank number:               1
Number of function block inputs used/remaining:               0/40
Number of function block control terms used/remaining:        0/4
Number of PLA product terms used/remaining:                   0/56
Signal                        Total Loc     Pin  Pin     Pin   CTC CTR CTS CTE
Name                          Pt            No.  Type    Use   
(unused)                      0     FB7_1        (b)           
(unused)                      0     FB7_2        (b)           
(unused)                      0     FB7_3        (b)           
(unused)                      0     FB7_4        (b)           
(unused)                      0     FB7_5   26   I/O           
(unused)                      0     FB7_6   25   I/O           
(unused)                      0     FB7_7        (b)           
(unused)                      0     FB7_8        (b)           
(unused)                      0     FB7_9        (b)           
(unused)                      0     FB7_10       (b)           
(unused)                      0     FB7_11  24   I/O           
(unused)                      0     FB7_12  23   I/O           
(unused)                      0     FB7_13  22   I/O           
(unused)                      0     FB7_14  21   I/O           
(unused)                      0     FB7_15  20   I/O           
(unused)                      0     FB7_16  19   I/O           
*********************************** FB8  ***********************************
This function block is part of I/O Bank number:               1
Number of function block inputs used/remaining:               0/40
Number of function block control terms used/remaining:        0/4
Number of PLA product terms used/remaining:                   0/56
Signal                        Total Loc     Pin  Pin     Pin   CTC CTR CTS CTE
Name                          Pt            No.  Type    Use   
(unused)                      0     FB8_1   44   I/O           
(unused)                      0     FB8_2   45   I/O           
(unused)                      0     FB8_3   46   I/O           
(unused)                      0     FB8_4        (b)           
(unused)                      0     FB8_5   48   I/O           
(unused)                      0     FB8_6   49   I/O           
(unused)                      0     FB8_7        (b)           
(unused)                      0     FB8_8        (b)           
(unused)                      0     FB8_9        (b)           
(unused)                      0     FB8_10       (b)           
(unused)                      0     FB8_11  50   I/O           
(unused)                      0     FB8_12  51   I/O           
(unused)                      0     FB8_13  52   I/O           
(unused)                      0     FB8_14       (b)           
(unused)                      0     FB8_15       (b)           
(unused)                      0     FB8_16       (b)           
*********************************** FB9  ***********************************
This function block is part of I/O Bank number:               2
Number of function block inputs used/remaining:               0/40
Number of function block control terms used/remaining:        0/4
Number of PLA product terms used/remaining:                   0/56
Signal                        Total Loc     Pin  Pin     Pin   CTC CTR CTS CTE
Name                          Pt            No.  Type    Use   
(unused)                      0     FB9_1   112  I/O           
(unused)                      0     FB9_2   113  I/O           
(unused)                      0     FB9_3        (b)           
(unused)                      0     FB9_4   114  I/O           
(unused)                      0     FB9_5        (b)           
(unused)                      0     FB9_6   115  I/O           
(unused)                      0     FB9_7        (b)           
(unused)                      0     FB9_8        (b)           
(unused)                      0     FB9_9        (b)           
(unused)                      0     FB9_10       (b)           
(unused)                      0     FB9_11       (b)           
(unused)                      0     FB9_12  116  I/O           
(unused)                      0     FB9_13  117  I/O           
(unused)                      0     FB9_14  118  I/O           
(unused)                      0     FB9_15  119  I/O           
(unused)                      0     FB9_16       (b)           
*********************************** FB10 ***********************************
This function block is part of I/O Bank number:               2
Number of function block inputs used/remaining:               0/40
Number of function block control terms used/remaining:        0/4
Number of PLA product terms used/remaining:                   0/56
Signal                        Total Loc     Pin  Pin     Pin   CTC CTR CTS CTE
Name                          Pt            No.  Type    Use   
(unused)                      0     FB10_1  111  I/O           
(unused)                      0     FB10_2  110  I/O           
(unused)                      0     FB10_3  107  I/O           
(unused)                      0     FB10_4  106  I/O           
(unused)                      0     FB10_5  105  I/O           
(unused)                      0     FB10_6  104  I/O           
(unused)                      0     FB10_7       (b)           
(unused)                      0     FB10_8       (b)           
(unused)                      0     FB10_9       (b)           
(unused)                      0     FB10_10      (b)           
(unused)                      0     FB10_11      (b)           
(unused)                      0     FB10_12 103  I/O           
(unused)                      0     FB10_13      (b)           
(unused)                      0     FB10_14 102  I/O           
(unused)                      0     FB10_15      (b)           
(unused)                      0     FB10_16 101  I/O           
*********************************** FB11 ***********************************
This function block is part of I/O Bank number:               2
Number of function block inputs used/remaining:               2/38
Number of function block control terms used/remaining:        0/4
Number of PLA product terms used/remaining:                   4/52
Signal                        Total Loc     Pin  Pin     Pin   CTC CTR CTS CTE
Name                          Pt            No.  Type    Use   
(unused)                      0     FB11_1       (b)           
(unused)                      0     FB11_2       (b)           
(unused)                      0     FB11_3       (b)           
(unused)                      0     FB11_4       (b)           
(unused)                      0     FB11_5  120  I/O           
(unused)                      0     FB11_6  121  I/O           
(unused)                      0     FB11_7       (b)           
(unused)                      0     FB11_8       (b)           
(unused)                      0     FB11_9       (b)           
(unused)                      0     FB11_10      (b)           
(unused)                      0     FB11_11 124  I/O           
(unused)                      0     FB11_12 125  I/O           
ANO<0>                        1     FB11_13 126  I/O     O                 
ANO<1>                        1     FB11_14 128  I/O     O                 
ANO<2>                        1     FB11_15 129  I/O     O                 
ANO<3>                        1     FB11_16 130  I/O     O                 

Signals Used by Logic in Function Block
  1: counter<11>        2: counter<12>      

Signal                     1         2         3         4 FB      
Name             0----+----0----+----0----+----0----+----0 Inputs  
ANO<0>            XX...................................... 2       
ANO<1>            XX...................................... 2       
ANO<2>            XX...................................... 2       
ANO<3>            XX...................................... 2       
                 0----+----1----+----2----+----3----+----4
                           0         0         0         0
*********************************** FB12 ***********************************
This function block is part of I/O Bank number:               2
Number of function block inputs used/remaining:               0/40
Number of function block control terms used/remaining:        0/4
Number of PLA product terms used/remaining:                   0/56
Signal                        Total Loc     Pin  Pin     Pin   CTC CTR CTS CTE
Name                          Pt            No.  Type    Use   
(unused)                      0     FB12_1       (b)           
(unused)                      0     FB12_2  100  I/O           
(unused)                      0     FB12_3       (b)           
(unused)                      0     FB12_4       (b)           
(unused)                      0     FB12_5       (b)           
(unused)                      0     FB12_6       (b)           
(unused)                      0     FB12_7       (b)           
(unused)                      0     FB12_8       (b)           
(unused)                      0     FB12_9       (b)           
(unused)                      0     FB12_10      (b)           
(unused)                      0     FB12_11 98   I/O           
(unused)                      0     FB12_12 97   I/O           
(unused)                      0     FB12_13 96   I/O           
(unused)                      0     FB12_14 95   I/O           
(unused)                      0     FB12_15 94   I/O     I     
(unused)                      0     FB12_16      (b)           
*********************************** FB13 ***********************************
This function block is part of I/O Bank number:               1
Number of function block inputs used/remaining:               0/40
Number of function block control terms used/remaining:        0/4
Number of PLA product terms used/remaining:                   0/56
Signal                        Total Loc     Pin  Pin     Pin   CTC CTR CTS CTE
Name                          Pt            No.  Type    Use   
(unused)                      0     FB13_1  75   I/O           
(unused)                      0     FB13_2  76   I/O           
(unused)                      0     FB13_3  77   I/O           
(unused)                      0     FB13_4       (b)           
(unused)                      0     FB13_5  78   I/O           
(unused)                      0     FB13_6  79   I/O           
(unused)                      0     FB13_7       (b)           
(unused)                      0     FB13_8       (b)           
(unused)                      0     FB13_9       (b)           
(unused)                      0     FB13_10      (b)           
(unused)                      0     FB13_11      (b)           
(unused)                      0     FB13_12 80   I/O           
(unused)                      0     FB13_13 81   I/O           
(unused)                      0     FB13_14 82   I/O           
(unused)                      0     FB13_15      (b)           
(unused)                      0     FB13_16      (b)           
*********************************** FB14 ***********************************
This function block is part of I/O Bank number:               1
Number of function block inputs used/remaining:               21/19
Number of function block control terms used/remaining:        0/4
Number of PLA product terms used/remaining:                   23/33
Signal                        Total Loc     Pin  Pin     Pin   CTC CTR CTS CTE
Name                          Pt            No.  Type    Use   
(unused)                      0     FB14_1  74   I/O           
(unused)                      0     FB14_2  71   I/O           
(unused)                      0     FB14_3  70   I/O           
LD<0>                         2     FB14_4  69   I/O     O                 
(unused)                      0     FB14_5       (b)           
LD<1>                         4     FB14_6  68   I/O     O                 
(unused)                      0     FB14_7       (b)           
(unused)                      0     FB14_8       (b)           
(unused)                      0     FB14_9       (b)           
(unused)                      0     FB14_10      (b)           
(unused)                      0     FB14_11      (b)           
(unused)                      0     FB14_12      (b)           
LD<2>                         2     FB14_13 66   I/O     O                 
LD<3>                         3     FB14_14 64   I/O     O                 
(unused)                      0     FB14_15      (b)           
CAT<6>                        12    FB14_16 61   I/O     O                 

Signals Used by Logic in Function Block
  1: BTN<0>             8: counter<12>       15: digits<4> 
  2: BTN<1>             9: digits<10>        16: digits<5> 
  3: LD<0>             10: digits<11>        17: digits<6> 
  4: LD<1>             11: digits<12>        18: digits<7> 
  5: LD<2>             12: digits<13>        19: digits<8> 
  6: LD<3>             13: digits<14>        20: digits<9> 
  7: counter<11>       14: digits<15>        21: tick 

Signal                     1         2         3         4 FB      
Name             0----+----0----+----0----+----0----+----0 Inputs  
LD<0>             XXX.................X................... 4       
LD<1>             XXXXXX..............X................... 7       
LD<2>             XXXXX...............X................... 6       
LD<3>             XXXXXX..............X................... 7       
CAT<6>            ..XXXXXXXXXXXXXXXXXX.................... 18      
                 0----+----1----+----2----+----3----+----4
                           0         0         0         0
*********************************** FB15 ***********************************
This function block is part of I/O Bank number:               1
Number of function block inputs used/remaining:               0/40
Number of function block control terms used/remaining:        0/4
Number of PLA product terms used/remaining:                   0/56
Signal                        Total Loc     Pin  Pin     Pin   CTC CTR CTS CTE
Name                          Pt            No.  Type    Use   
(unused)                      0     FB15_1       (b)           
(unused)                      0     FB15_2  83   I/O           
(unused)                      0     FB15_3       (b)           
(unused)                      0     FB15_4       (b)           
(unused)                      0     FB15_5       (b)           
(unused)                      0     FB15_6       (b)           
(unused)                      0     FB15_7       (b)           
(unused)                      0     FB15_8       (b)           
(unused)                      0     FB15_9       (b)           
(unused)                      0     FB15_10      (b)           
(unused)                      0     FB15_11 85   I/O           
(unused)                      0     FB15_12 86   I/O           
(unused)                      0     FB15_13 87   I/O           
(unused)                      0     FB15_14 88   I/O           
(unused)                      0     FB15_15 91   I/O           
(unused)                      0     FB15_16 92   I/O           
*********************************** FB16 ***********************************
This function block is part of I/O Bank number:               1
Number of function block inputs used/remaining:               22/18
Number of function block control terms used/remaining:        0/4
Number of PLA product terms used/remaining:                   53/3
Signal                        Total Loc     Pin  Pin     Pin   CTC CTR CTS CTE
Name                          Pt            No.  Type    Use   
(unused)                      0     FB16_1       (b)           
(unused)                      0     FB16_2       (b)           
(unused)                      0     FB16_3       (b)           
(unused)                      0     FB16_4       (b)           
CAT<2>                        1     FB16_5  60   I/O     O                 
CAT<7>                        0     FB16_6  59   I/O     O                 
(unused)                      0     FB16_7       (b)           
(unused)                      0     FB16_8       (b)           
(unused)                      0     FB16_9       (b)           
(unused)                      0     FB16_10      (b)           
CAT<3>                        13    FB16_11 58   I/O     O                 
CAT<4>                        11    FB16_12 57   I/O     O                 
CAT<0>                        12    FB16_13 56   I/O     O                 
(unused)                      0     FB16_14      (b)           
CAT<5>                        13    FB16_15 54   I/O     O                 
CAT<1>                        14    FB16_16 53   I/O     O                 

Signals Used by Logic in Function Block
  1: CAT<2>_BUFR        9: counter<11>       16: digits<15> 
  2: LD<0>             10: counter<12>       17: digits<4> 
  3: LD<1>             11: digits<10>        18: digits<5> 
  4: LD<2>             12: digits<11>        19: digits<6> 
  5: LD<3>             13: digits<12>        20: digits<7> 
  6: N_PZ_284          14: digits<13>        21: digits<8> 
  7: N_PZ_312          15: digits<14>        22: digits<9> 
  8: N_PZ_326         

Signal                     1         2         3         4 FB      
Name             0----+----0----+----0----+----0----+----0 Inputs  
CAT<2>            X....................................... 1       
CAT<7>            ........................................ 0       
CAT<3>            .XXXX.XXXXXXXXXXXXXXXX.................. 20      
CAT<4>            .XX.XX.XXXXXXXXXXXXXXX.................. 19      
CAT<0>            .XXXXXXXXXXXXXXXXXXXXX.................. 21      
CAT<5>            .XXXXXX.XXXXXXXXXXXXXX.................. 20      
CAT<1>            .XXXXX.XXXXXXXXXXXXXXX.................. 20      
                 0----+----1----+----2----+----3----+----4
                           0         0         0         0
*******************************  Equations  ********************************

********** Mapped Logic **********


ANO(0) <= NOT ((NOT counter(12) AND NOT counter(11)));


ANO(1) <= NOT ((NOT counter(12) AND counter(11)));


ANO(2) <= NOT ((counter(12) AND NOT counter(11)));


ANO(3) <= NOT ((counter(12) AND counter(11)));


CAT(0) <= ((N_PZ_326)
	OR (N_PZ_312)
	OR (NOT counter(12) AND NOT counter(11) AND NOT LD(0) AND NOT LD(3) AND 
	N_PZ_284)
	OR (counter(12) AND counter(11) AND digits(12) AND 
	digits(13) AND NOT digits(14) AND digits(15))
	OR (counter(12) AND counter(11) AND digits(12) AND 
	NOT digits(13) AND digits(14) AND digits(15))
	OR (counter(12) AND NOT counter(11) AND digits(10) AND 
	digits(8) AND NOT digits(9) AND digits(11))
	OR (counter(12) AND NOT counter(11) AND digits(10) AND 
	NOT digits(8) AND NOT digits(9) AND NOT digits(11))
	OR (counter(12) AND NOT counter(11) AND NOT digits(10) AND 
	digits(8) AND digits(9) AND digits(11))
	OR (NOT counter(12) AND counter(11) AND digits(4) AND 
	digits(5) AND NOT digits(6) AND digits(7))
	OR (NOT counter(12) AND counter(11) AND digits(4) AND 
	NOT digits(5) AND digits(6) AND digits(7))
	OR (NOT counter(12) AND counter(11) AND NOT digits(4) AND 
	NOT digits(5) AND digits(6) AND NOT digits(7))
	OR (NOT counter(12) AND NOT counter(11) AND LD(1) AND NOT LD(0) AND 
	LD(2) AND LD(3)));


CAT(1) <= ((counter(12) AND counter(11) AND digits(12) AND 
	digits(13) AND digits(15))
	OR (counter(12) AND counter(11) AND NOT digits(12) AND 
	digits(14) AND NOT N_PZ_326)
	OR (counter(12) AND NOT counter(11) AND digits(10) AND 
	NOT digits(8) AND digits(9))
	OR (counter(12) AND NOT counter(11) AND digits(10) AND 
	NOT digits(8) AND digits(11))
	OR (counter(12) AND NOT counter(11) AND digits(8) AND 
	digits(9) AND digits(11))
	OR (NOT counter(12) AND counter(11) AND digits(4) AND 
	digits(5) AND digits(7))
	OR (NOT counter(12) AND counter(11) AND NOT digits(4) AND 
	digits(5) AND digits(6))
	OR (NOT counter(12) AND counter(11) AND NOT digits(4) AND 
	digits(6) AND digits(7))
	OR (NOT counter(12) AND NOT counter(11) AND NOT LD(1) AND NOT LD(0) AND 
	NOT LD(3))
	OR (NOT counter(12) AND NOT counter(11) AND LD(0) AND NOT LD(2) AND 
	NOT N_PZ_326)
	OR (counter(12) AND counter(11) AND NOT digits(13) AND 
	digits(14) AND NOT digits(15) AND NOT N_PZ_326)
	OR (counter(12) AND NOT counter(11) AND digits(10) AND 
	digits(8) AND NOT digits(9) AND NOT digits(11))
	OR (NOT counter(12) AND counter(11) AND digits(4) AND 
	NOT digits(5) AND digits(6) AND NOT digits(7))
	OR (NOT counter(12) AND NOT counter(11) AND NOT LD(0) AND NOT LD(2) AND 
	LD(3) AND N_PZ_284));


CAT(2)_BUFR <= ((counter(12) AND counter(11) AND NOT digits(12) AND 
	digits(14) AND digits(15))
	OR (counter(12) AND counter(11) AND digits(13) AND 
	digits(14) AND digits(15))
	OR (counter(12) AND NOT counter(11) AND digits(10) AND 
	NOT digits(8) AND digits(11))
	OR (counter(12) AND NOT counter(11) AND digits(10) AND 
	digits(9) AND digits(11))
	OR (NOT counter(12) AND counter(11) AND NOT digits(4) AND 
	digits(6) AND digits(7))
	OR (NOT counter(12) AND counter(11) AND digits(5) AND 
	digits(6) AND digits(7))
	OR (NOT counter(12) AND NOT counter(11) AND NOT LD(1) AND NOT LD(2) AND 
	NOT LD(3))
	OR (NOT counter(12) AND NOT counter(11) AND LD(0) AND NOT LD(2) AND 
	NOT LD(3))
	OR (counter(12) AND counter(11) AND NOT digits(12) AND 
	digits(13) AND NOT digits(14) AND NOT digits(15))
	OR (counter(12) AND NOT counter(11) AND NOT digits(10) AND 
	NOT digits(8) AND digits(9) AND NOT digits(11))
	OR (NOT counter(12) AND counter(11) AND NOT digits(4) AND 
	digits(5) AND NOT digits(6) AND NOT digits(7))
	OR (NOT counter(12) AND NOT counter(11) AND NOT LD(1) AND LD(0) AND 
	LD(2) AND LD(3)));


CAT(2) <= CAT(2)_BUFR;


CAT(3) <= ((N_PZ_326)
	OR (N_PZ_312)
	OR (counter(12) AND counter(11) AND digits(12) AND 
	digits(13) AND digits(14))
	OR (counter(12) AND NOT counter(11) AND digits(10) AND 
	digits(8) AND digits(9))
	OR (NOT counter(12) AND counter(11) AND digits(4) AND 
	digits(5) AND digits(6))
	OR (NOT counter(12) AND NOT counter(11) AND NOT LD(1) AND NOT LD(0) AND 
	NOT LD(2))
	OR (counter(12) AND counter(11) AND NOT digits(12) AND 
	digits(13) AND NOT digits(14) AND digits(15))
	OR (counter(12) AND NOT counter(11) AND digits(10) AND 
	NOT digits(8) AND NOT digits(9) AND NOT digits(11))
	OR (counter(12) AND NOT counter(11) AND NOT digits(10) AND 
	NOT digits(8) AND digits(9) AND digits(11))
	OR (NOT counter(12) AND counter(11) AND NOT digits(4) AND 
	digits(5) AND NOT digits(6) AND digits(7))
	OR (NOT counter(12) AND counter(11) AND NOT digits(4) AND 
	NOT digits(5) AND digits(6) AND NOT digits(7))
	OR (NOT counter(12) AND NOT counter(11) AND LD(1) AND NOT LD(0) AND 
	LD(2) AND LD(3))
	OR (NOT counter(12) AND NOT counter(11) AND NOT LD(1) AND LD(0) AND 
	LD(2) AND NOT LD(3)));


CAT(4) <= ((N_PZ_326)
	OR (counter(12) AND counter(11) AND digits(12) AND 
	NOT digits(15))
	OR (counter(12) AND NOT counter(11) AND digits(8) AND 
	NOT digits(11))
	OR (NOT counter(12) AND counter(11) AND digits(4) AND 
	NOT digits(7))
	OR (NOT counter(12) AND NOT counter(11) AND NOT LD(0) AND LD(3))
	OR (counter(12) AND counter(11) AND digits(12) AND 
	NOT digits(13) AND NOT digits(14))
	OR (counter(12) AND NOT counter(11) AND NOT digits(10) AND 
	digits(8) AND NOT digits(9))
	OR (NOT counter(12) AND counter(11) AND digits(4) AND 
	NOT digits(5) AND NOT digits(6))
	OR (NOT counter(12) AND counter(11) AND NOT digits(5) AND 
	digits(6) AND NOT digits(7))
	OR (NOT counter(12) AND NOT counter(11) AND LD(1) AND NOT LD(0) AND 
	NOT N_PZ_284)
	OR (counter(12) AND NOT counter(11) AND digits(10) AND 
	NOT digits(8) AND NOT digits(9) AND NOT digits(11)));


CAT(5) <= ((N_PZ_312)
	OR (counter(12) AND counter(11) AND digits(12) AND 
	digits(13) AND NOT digits(15))
	OR (counter(12) AND counter(11) AND digits(13) AND 
	NOT digits(14) AND NOT digits(15))
	OR (counter(12) AND NOT counter(11) AND NOT digits(10) AND 
	digits(9) AND NOT digits(11))
	OR (counter(12) AND NOT counter(11) AND digits(8) AND 
	digits(9) AND NOT digits(11))
	OR (NOT counter(12) AND counter(11) AND digits(4) AND 
	digits(5) AND NOT digits(7))
	OR (NOT counter(12) AND counter(11) AND digits(5) AND 
	NOT digits(6) AND NOT digits(7))
	OR (NOT counter(12) AND NOT counter(11) AND NOT LD(1) AND LD(2) AND 
	LD(3))
	OR (NOT counter(12) AND NOT counter(11) AND NOT LD(0) AND LD(3) AND 
	NOT N_PZ_284)
	OR (counter(12) AND counter(11) AND digits(12) AND 
	NOT digits(13) AND digits(14) AND digits(15))
	OR (counter(12) AND NOT counter(11) AND digits(10) AND 
	digits(8) AND NOT digits(9) AND digits(11))
	OR (NOT counter(12) AND counter(11) AND digits(4) AND 
	NOT digits(5) AND digits(6) AND digits(7))
	OR (NOT counter(12) AND NOT counter(11) AND LD(1) AND NOT LD(0) AND 
	NOT LD(2) AND NOT LD(3)));


CAT(6) <= ((counter(12) AND counter(11) AND NOT digits(13) AND 
	NOT digits(14) AND NOT digits(15))
	OR (counter(12) AND NOT counter(11) AND NOT digits(10) AND 
	NOT digits(9) AND NOT digits(11))
	OR (NOT counter(12) AND counter(11) AND NOT digits(5) AND 
	NOT digits(6) AND NOT digits(7))
	OR (NOT counter(12) AND NOT counter(11) AND LD(1) AND LD(2) AND 
	LD(3))
	OR (counter(12) AND counter(11) AND digits(12) AND 
	digits(13) AND digits(14) AND NOT digits(15))
	OR (counter(12) AND counter(11) AND NOT digits(12) AND 
	NOT digits(13) AND digits(14) AND digits(15))
	OR (counter(12) AND NOT counter(11) AND digits(10) AND 
	digits(8) AND digits(9) AND NOT digits(11))
	OR (counter(12) AND NOT counter(11) AND digits(10) AND 
	NOT digits(8) AND NOT digits(9) AND digits(11))
	OR (NOT counter(12) AND counter(11) AND digits(4) AND 
	digits(5) AND digits(6) AND NOT digits(7))
	OR (NOT counter(12) AND counter(11) AND NOT digits(4) AND 
	NOT digits(5) AND digits(6) AND digits(7))
	OR (NOT counter(12) AND NOT counter(11) AND LD(1) AND LD(0) AND 
	NOT LD(2) AND NOT LD(3))
	OR (NOT counter(12) AND NOT counter(11) AND NOT LD(1) AND NOT LD(0) AND 
	NOT LD(2) AND LD(3)));


CAT(7) <= NOT ('0');

FTCPE_LD0: FTCPE port map (LD(0),LD_T(0),PCLK,'0','0','1');
LD_T(0) <= ((NOT BTN(0) AND NOT LD(0))
	OR (BTN(0) AND BTN(1) AND tick));

FTCPE_LD1: FTCPE port map (LD(1),LD_T(1),PCLK,'0','0','1');
LD_T(1) <= ((NOT BTN(0) AND NOT LD(1))
	OR (NOT LD(1) AND NOT LD(0) AND BTN(1) AND tick)
	OR (BTN(0) AND NOT LD(0) AND BTN(1) AND tick AND NOT LD(2))
	OR (BTN(0) AND NOT LD(0) AND BTN(1) AND tick AND LD(3)));

FTCPE_LD2: FTCPE port map (LD(2),LD_T(2),PCLK,'0','0','1');
LD_T(2) <= ((NOT BTN(0) AND NOT LD(2))
	OR (BTN(0) AND NOT LD(1) AND NOT LD(0) AND BTN(1) AND tick));

FTCPE_LD3: FTCPE port map (LD(3),LD_T(3),PCLK,'0','0','1');
LD_T(3) <= ((NOT BTN(0) AND NOT LD(3))
	OR (BTN(0) AND NOT LD(1) AND NOT LD(0) AND BTN(1) AND tick AND 
	NOT LD(2))
	OR (LD(1) AND NOT LD(0) AND BTN(1) AND tick AND LD(2) AND NOT LD(3)));


N_PZ_284 <= ((LD(1) AND NOT LD(2))
	OR (NOT LD(1) AND LD(2)));


N_PZ_312 <= ((counter(12) AND counter(11) AND digits(12) AND 
	NOT digits(13) AND NOT digits(14) AND NOT digits(15))
	OR (counter(12) AND NOT counter(11) AND NOT digits(10) AND 
	digits(8) AND NOT digits(9) AND NOT digits(11))
	OR (NOT counter(12) AND counter(11) AND digits(4) AND 
	NOT digits(5) AND NOT digits(6) AND NOT digits(7)));


N_PZ_326 <= ((counter(12) AND counter(11) AND NOT digits(12) AND 
	NOT digits(13) AND digits(14) AND NOT digits(15))
	OR (NOT counter(12) AND NOT counter(11) AND LD(1) AND LD(0) AND 
	NOT LD(2) AND LD(3)));


N_PZ_339 <= ((BTN(0) AND NOT LD(0) AND BTN(1) AND tick AND NOT LD(3) AND 
	digits(4) AND NOT N_PZ_284 AND digits(5) AND digits(6) AND digits(7))
	OR (BTN(0) AND LD(1) AND NOT LD(0) AND BTN(1) AND tick AND 
	LD(2) AND NOT LD(3) AND digits(4) AND NOT digits(5) AND NOT digits(6) AND 
	digits(7)));

FTCPE_counter0: FTCPE port map (counter(0),'0',PCLK,'0','0','1');

FTCPE_counter1: FTCPE port map (counter(1),counter(0),PCLK,'0','0','1');

FTCPE_counter2: FTCPE port map (counter(2),counter_T(2),PCLK,'0','0','1');
counter_T(2) <= (counter(0) AND counter(1));

FTCPE_counter3: FTCPE port map (counter(3),counter_T(3),PCLK,'0','0','1');
counter_T(3) <= (counter(0) AND counter(1) AND counter(2));

FTCPE_counter4: FTCPE port map (counter(4),counter_T(4),PCLK,'0','0','1');
counter_T(4) <= (counter(0) AND counter(1) AND counter(2) AND 
	counter(3));

FTCPE_counter5: FTCPE port map (counter(5),counter_T(5),PCLK,'0','0','1');
counter_T(5) <= (counter(0) AND counter(1) AND counter(2) AND 
	counter(3) AND counter(4));

FTCPE_counter6: FTCPE port map (counter(6),counter_T(6),PCLK,'0','0','1');
counter_T(6) <= (counter(0) AND counter(1) AND counter(2) AND 
	counter(3) AND counter(4) AND counter(5));

FTCPE_counter7: FTCPE port map (counter(7),counter_T(7),PCLK,'0','0','1');
counter_T(7) <= (counter(0) AND counter(1) AND counter(2) AND 
	counter(3) AND counter(4) AND counter(5) AND counter(6));

FTCPE_counter8: FTCPE port map (counter(8),counter_T(8),PCLK,'0','0','1');
counter_T(8) <= (counter(0) AND counter(1) AND counter(2) AND 
	counter(3) AND counter(4) AND counter(5) AND counter(6) AND 
	counter(7));

FTCPE_counter9: FTCPE port map (counter(9),counter_T(9),PCLK,'0','0','1');
counter_T(9) <= (counter(0) AND counter(1) AND counter(2) AND 
	counter(3) AND counter(4) AND counter(5) AND counter(6) AND 
	counter(7) AND counter(8));

FTCPE_counter10: FTCPE port map (counter(10),counter_T(10),PCLK,'0','0','1');
counter_T(10) <= (counter(0) AND counter(1) AND counter(2) AND 
	counter(3) AND counter(4) AND counter(5) AND counter(6) AND 
	counter(7) AND counter(8) AND counter(9));

FTCPE_counter11: FTCPE port map (counter(11),counter_T(11),PCLK,'0','0','1');
counter_T(11) <= (counter(0) AND counter(10) AND counter(1) AND 
	counter(2) AND counter(3) AND counter(4) AND counter(5) AND 
	counter(6) AND counter(7) AND counter(8) AND counter(9));

FTCPE_counter12: FTCPE port map (counter(12),counter_T(12),PCLK,'0','0','1');
counter_T(12) <= (counter(0) AND counter(11) AND counter(10) AND 
	counter(1) AND counter(2) AND counter(3) AND counter(4) AND 
	counter(5) AND counter(6) AND counter(7) AND counter(8) AND 
	counter(9));

FTCPE_counter13: FTCPE port map (counter(13),counter_T(13),PCLK,'0','0','1');
counter_T(13) <= (counter(12) AND counter(0) AND counter(11) AND 
	counter(10) AND counter(1) AND counter(2) AND counter(3) AND 
	counter(4) AND counter(5) AND counter(6) AND counter(7) AND 
	counter(8) AND counter(9));

FTCPE_counter14: FTCPE port map (counter(14),counter_T(14),PCLK,'0','0','1');
counter_T(14) <= (counter(12) AND counter(0) AND counter(11) AND 
	counter(10) AND counter(1) AND counter(2) AND counter(3) AND 
	counter(4) AND counter(5) AND counter(6) AND counter(7) AND 
	counter(8) AND counter(9) AND counter(13));

FTCPE_counter15: FTCPE port map (counter(15),counter_T(15),PCLK,'0','0','1');
counter_T(15) <= (counter(12) AND counter(0) AND counter(11) AND 
	counter(10) AND counter(1) AND counter(2) AND counter(3) AND 
	counter(4) AND counter(5) AND counter(6) AND counter(7) AND 
	counter(8) AND counter(9) AND counter(13) AND counter(14));

FTCPE_counter16: FTCPE port map (counter(16),counter_T(16),PCLK,'0','0','1');
counter_T(16) <= (counter(12) AND counter(0) AND counter(11) AND 
	counter(10) AND counter(1) AND counter(2) AND counter(3) AND 
	counter(4) AND counter(5) AND counter(6) AND counter(7) AND 
	counter(8) AND counter(9) AND counter(13) AND counter(14) AND 
	counter(15));

FTCPE_counter17: FTCPE port map (counter(17),counter_T(17),PCLK,'0','0','1');
counter_T(17) <= (counter(12) AND counter(0) AND counter(11) AND 
	counter(10) AND counter(1) AND counter(2) AND counter(3) AND 
	counter(4) AND counter(5) AND counter(6) AND counter(7) AND 
	counter(8) AND counter(9) AND counter(13) AND counter(14) AND 
	counter(15) AND counter(16));

FTCPE_digits4: FTCPE port map (digits(4),digits_T(4),PCLK,'0','0','1');
digits_T(4) <= ((NOT BTN(0) AND digits(4))
	OR (BTN(0) AND NOT LD(0) AND BTN(1) AND tick AND NOT LD(3) AND 
	NOT N_PZ_284));

FTCPE_digits5: FTCPE port map (digits(5),digits_T(5),PCLK,'0','0','1');
digits_T(5) <= ((NOT BTN(0) AND digits(5))
	OR (BTN(0) AND NOT LD(1) AND NOT LD(0) AND BTN(1) AND tick AND 
	NOT LD(2) AND NOT LD(3) AND digits(4))
	OR (LD(1) AND NOT LD(0) AND BTN(1) AND tick AND LD(2) AND NOT LD(3) AND 
	digits(4) AND digits(5))
	OR (BTN(0) AND LD(1) AND NOT LD(0) AND BTN(1) AND tick AND 
	LD(2) AND NOT LD(3) AND digits(4) AND digits(6))
	OR (BTN(0) AND LD(1) AND NOT LD(0) AND BTN(1) AND tick AND 
	LD(2) AND NOT LD(3) AND digits(4) AND NOT digits(7)));

FTCPE_digits6: FTCPE port map (digits(6),digits_T(6),PCLK,'0','0','1');
digits_T(6) <= ((NOT BTN(0) AND digits(6))
	OR (BTN(0) AND NOT LD(0) AND BTN(1) AND tick AND NOT LD(3) AND 
	digits(4) AND NOT N_PZ_284 AND digits(5)));

FTCPE_digits7: FTCPE port map (digits(7),digits_T(7),PCLK,'0','0','1');
digits_T(7) <= ((NOT BTN(0) AND digits(7))
	OR (BTN(0) AND NOT LD(0) AND BTN(1) AND tick AND NOT LD(3) AND 
	digits(4) AND NOT N_PZ_284 AND digits(5) AND digits(6))
	OR (LD(1) AND NOT LD(0) AND BTN(1) AND tick AND LD(2) AND NOT LD(3) AND 
	digits(4) AND NOT digits(5) AND NOT digits(6) AND digits(7)));

FDCPE_digits8: FDCPE port map (digits(8),digits_D(8),PCLK,'0','0','1');
digits_D(8) <= ((NOT digits(8) AND N_PZ_339)
	OR (BTN(0) AND digits(8) AND NOT N_PZ_339));

FTCPE_digits9: FTCPE port map (digits(9),digits_T(9),PCLK,'0','0','1');
digits_T(9) <= ((NOT BTN(0) AND digits(9))
	OR (BTN(0) AND NOT LD(0) AND BTN(1) AND tick AND NOT LD(3) AND 
	digits(8) AND digits(4) AND NOT N_PZ_284 AND digits(5) AND digits(6) AND 
	digits(7))
	OR (BTN(0) AND LD(1) AND NOT LD(0) AND BTN(1) AND tick AND 
	LD(2) AND NOT LD(3) AND digits(10) AND digits(8) AND digits(4) AND 
	NOT digits(5) AND NOT digits(6) AND digits(7))
	OR (BTN(0) AND LD(1) AND NOT LD(0) AND BTN(1) AND tick AND 
	LD(2) AND NOT LD(3) AND digits(8) AND digits(4) AND NOT digits(5) AND 
	NOT digits(6) AND digits(7) AND NOT digits(11))
	OR (BTN(0) AND LD(1) AND NOT LD(0) AND BTN(1) AND tick AND 
	LD(2) AND NOT LD(3) AND NOT digits(10) AND digits(8) AND digits(4) AND 
	NOT digits(5) AND NOT digits(6) AND digits(7) AND digits(9)));

FTCPE_digits10: FTCPE port map (digits(10),digits_T(10),PCLK,'0','0','1');
digits_T(10) <= ((NOT BTN(0) AND digits(10))
	OR (digits(8) AND N_PZ_339 AND digits(9)));

FTCPE_digits11: FTCPE port map (digits(11),digits_T(11),PCLK,'0','0','1');
digits_T(11) <= ((NOT BTN(0) AND digits(11))
	OR (digits(10) AND digits(8) AND N_PZ_339 AND digits(9))
	OR (LD(1) AND NOT LD(0) AND BTN(1) AND tick AND LD(2) AND NOT LD(3) AND 
	NOT digits(10) AND digits(8) AND digits(4) AND NOT digits(5) AND NOT digits(6) AND 
	digits(7) AND NOT digits(9) AND digits(11)));

FTCPE_digits12: FTCPE port map (digits(12),digits_T(12),PCLK,'0','0','1');
digits_T(12) <= ((digits(12) AND NOT BTN(0))
	OR (digits(10) AND digits(8) AND N_PZ_339 AND digits(9) AND 
	digits(11))
	OR (BTN(0) AND LD(1) AND NOT LD(0) AND BTN(1) AND tick AND 
	LD(2) AND NOT LD(3) AND NOT digits(10) AND digits(8) AND digits(4) AND 
	NOT digits(5) AND NOT digits(6) AND digits(7) AND NOT digits(9) AND digits(11)));

FTCPE_digits13: FTCPE port map (digits(13),digits_T(13),PCLK,'0','0','1');
digits_T(13) <= ((NOT BTN(0) AND digits(13))
	OR (digits(12) AND digits(10) AND digits(8) AND N_PZ_339 AND 
	digits(9) AND digits(11))
	OR (digits(12) AND BTN(0) AND LD(1) AND NOT LD(0) AND BTN(1) AND 
	tick AND LD(2) AND NOT LD(3) AND NOT digits(10) AND digits(8) AND 
	digits(4) AND NOT digits(5) AND NOT digits(6) AND digits(7) AND NOT digits(9) AND 
	digits(11) AND digits(13))
	OR (digits(12) AND BTN(0) AND LD(1) AND NOT LD(0) AND BTN(1) AND 
	tick AND LD(2) AND NOT LD(3) AND NOT digits(10) AND digits(8) AND 
	digits(4) AND NOT digits(5) AND NOT digits(6) AND digits(7) AND NOT digits(9) AND 
	digits(11) AND digits(14))
	OR (digits(12) AND BTN(0) AND LD(1) AND NOT LD(0) AND BTN(1) AND 
	tick AND LD(2) AND NOT LD(3) AND NOT digits(10) AND digits(8) AND 
	digits(4) AND NOT digits(5) AND NOT digits(6) AND digits(7) AND NOT digits(9) AND 
	digits(11) AND NOT digits(15)));

FTCPE_digits14: FTCPE port map (digits(14),digits_T(14),PCLK,'0','0','1');
digits_T(14) <= ((NOT BTN(0) AND digits(14))
	OR (digits(12) AND digits(10) AND digits(8) AND N_PZ_339 AND 
	digits(9) AND digits(11) AND digits(13))
	OR (digits(12) AND BTN(0) AND LD(1) AND NOT LD(0) AND BTN(1) AND 
	tick AND LD(2) AND NOT LD(3) AND NOT digits(10) AND digits(8) AND 
	digits(4) AND NOT digits(5) AND NOT digits(6) AND digits(7) AND NOT digits(9) AND 
	digits(11) AND digits(13)));

FTCPE_digits15: FTCPE port map (digits(15),digits_T(15),PCLK,'0','0','1');
digits_T(15) <= ((NOT BTN(0) AND digits(15))
	OR (digits(12) AND digits(10) AND digits(8) AND N_PZ_339 AND 
	digits(9) AND digits(11) AND digits(13) AND digits(14))
	OR (digits(12) AND BTN(0) AND LD(1) AND NOT LD(0) AND BTN(1) AND 
	tick AND LD(2) AND NOT LD(3) AND NOT digits(10) AND digits(8) AND 
	digits(4) AND NOT digits(5) AND NOT digits(6) AND digits(7) AND NOT digits(9) AND 
	digits(11) AND digits(13) AND digits(14))
	OR (digits(12) AND LD(1) AND NOT LD(0) AND BTN(1) AND tick AND 
	LD(2) AND NOT LD(3) AND NOT digits(10) AND digits(8) AND digits(4) AND 
	NOT digits(5) AND NOT digits(6) AND digits(7) AND NOT digits(9) AND digits(11) AND 
	NOT digits(13) AND NOT digits(14) AND digits(15)));

FDCPE_tick: FDCPE port map (tick,tick_D,PCLK,'0','0','1');
tick_D <= (NOT counter(12) AND NOT counter(0) AND NOT counter(11) AND 
	NOT counter(10) AND NOT counter(1) AND NOT counter(2) AND NOT counter(3) AND 
	NOT counter(4) AND NOT counter(5) AND NOT counter(6) AND NOT counter(7) AND 
	NOT counter(8) AND NOT counter(9) AND NOT counter(13) AND NOT counter(14) AND 
	NOT counter(15) AND NOT counter(16) AND NOT counter(17));


Register Legend:
 FDCPE (Q,D,C,CLR,PRE,CE); 
 FDDCPE (Q,D,C,CLR,PRE,CE); 
 FTCPE (Q,D,C,CLR,PRE,CE); 
 FTDCPE (Q,D,C,CLR,PRE,CE); 
 LDCP  (Q,D,G,CLR,PRE); 

******************************  Device Pin Out *****************************

Device : XC2C256-7-TQ144


Pin Signal                         Pin Signal                        
No. Name                           No. Name                          
  1 VCC                              73 VCCIO-1.8                     
  2 KPR                              74 KPR                           
  3 KPR                              75 KPR                           
  4 KPR                              76 KPR                           
  5 KPR                              77 KPR                           
  6 KPR                              78 KPR                           
  7 KPR                              79 KPR                           
  8 VCCAUX                           80 KPR                           
  9 KPR                              81 KPR                           
 10 KPR                              82 KPR                           
 11 KPR                              83 KPR                           
 12 KPR                              84 VCC                           
 13 KPR                              85 KPR                           
 14 KPR                              86 KPR                           
 15 KPR                              87 KPR                           
 16 KPR                              88 KPR                           
 17 KPR                              89 GND                           
 18 KPR                              90 GND                           
 19 KPR                              91 KPR                           
 20 KPR                              92 KPR                           
 21 KPR                              93 VCCIO-1.8                     
 22 KPR                              94 BTN<1>                        
 23 KPR                              95 KPR                           
 24 KPR                              96 KPR                           
 25 KPR                              97 KPR                           
 26 KPR                              98 KPR                           
 27 VCCIO-1.8                        99 GND                           
 28 KPR                             100 KPR                           
 29 GND                             101 KPR                           
 30 KPR                             102 KPR                           
 31 KPR                             103 KPR                           
 32 KPR                             104 KPR                           
 33 KPR                             105 KPR                           
 34 KPR                             106 KPR                           
 35 PROHIBITED                      107 KPR                           
 36 GND                             108 GND                           
 37 VCC                             109 VCCIO-1.8                     
 38 PCLK                            110 KPR                           
 39 KPR                             111 KPR                           
 40 KPR                             112 KPR                           
 41 KPR                             113 KPR                           
 42 KPR                             114 KPR                           
 43 KPR                             115 KPR                           
 44 KPR                             116 KPR                           
 45 KPR                             117 KPR                           
 46 KPR                             118 KPR                           
 47 GND                             119 KPR                           
 48 KPR                             120 KPR                           
 49 KPR                             121 KPR                           
 50 KPR                             122 TDO                           
 51 KPR                             123 GND                           
 52 KPR                             124 KPR                           
 53 CAT<1>                          125 KPR                           
 54 CAT<5>                          126 ANO<0>                        
 55 VCCIO-1.8                       127 VCCIO-1.8                     
 56 CAT<0>                          128 ANO<1>                        
 57 CAT<4>                          129 ANO<2>                        
 58 CAT<3>                          130 ANO<3>                        
 59 CAT<7>                          131 KPR                           
 60 CAT<2>                          132 KPR                           
 61 CAT<6>                          133 KPR                           
 62 GND                             134 KPR                           
 63 TDI                             135 KPR                           
 64 LD<3>                           136 KPR                           
 65 TMS                             137 KPR                           
 66 LD<2>                           138 KPR                           
 67 TCK                             139 KPR                           
 68 LD<1>                           140 KPR                           
 69 LD<0>                           141 VCCIO-1.8                     
 70 KPR                             142 KPR                           
 71 KPR                             143 BTN<0>                        
 72 GND                             144 GND                           


Legend :  NC  = Not Connected, unbonded pin
        PGND  = Unused I/O configured as additional Ground pin
         KPR  = Unused I/O with weak keeper (leave unconnected)
         WPU  = Unused I/O with weak pull up (leave unconnected)
         TIE  = Unused I/O floating -- must tie to VCC, GND or other signal
         VCC  = Dedicated Power Pin
      VCCAUX  = Power supply for JTAG pins
   VCCIO-3.3  = I/O supply voltage for LVTTL, LVCMOS33, SSTL3_I
   VCCIO-2.5  = I/O supply voltage for LVCMOS25, SSTL2_I
   VCCIO-1.8  = I/O supply voltage for LVCMOS18
   VCCIO-1.5  = I/O supply voltage for LVCMOS15, HSTL_I
        VREF  = Reference voltage for indicated input standard
       *VREF  = Reference voltage pin selected by software
         GND  = Dedicated Ground Pin
         TDI  = Test Data In, JTAG pin
         TDO  = Test Data Out, JTAG pin
         TCK  = Test Clock, JTAG pin
         TMS  = Test Mode Select, JTAG pin
  PROHIBITED  = User reserved pin
****************************  Compiler Options  ****************************

Following is a list of all global compiler options used by the fitter run.

Device(s) Specified                         : xc2c256-7-TQ144
Optimization Method                         : DENSITY
Multi-Level Logic Optimization              : ON
Ignore Timing Specifications                : OFF
Default Register Power Up Value             : LOW
Keep User Location Constraints              : ON
What-You-See-Is-What-You-Get                : OFF
Exhaustive Fitting                          : OFF
Keep Unused Inputs                          : OFF
Slew Rate                                   : FAST
Set Unused I/O Pin Termination              : KEEPER
Global Clock Optimization                   : ON
Global Set/Reset Optimization               : ON
Global Ouput Enable Optimization            : ON
Enable Input Registers                      : ON
Function Block Fan-in Limit                 : 38
Use DATA_GATE Attribute                     : ON
Set Tristate Outputs to Termination Mode    : KEEPER
Default Voltage Standard for All Outputs    : LVCMOS18
Input Limit                                 : 32
Pterm Limit                                 : 28
